<?xml version="1.0" encoding="UTF-8"?>
<!-- Generated by org.testng.reporters.JUnitReportReporter -->
<testsuite hostname="NaveenaBC" failures="0" tests="1" name="Tc.Acti" time="18.071" errors="0" timestamp="2023-07-13T15:52:35 IST" skipped="0">
  <testcase classname="Tc.Acti" name="acti" time="18.071"/>
  <system-out/>
</testsuite> <!-- Tc.Acti -->
